#
# A fatal error has been detected by the Java Runtime Environment:
#
#  EXCEPTION_ACCESS_VIOLATION (0xc0000005) at pc=0x10009e69, pid=10000, tid=792
#
# JRE version: Java(TM) SE Runtime Environment (7.0_67-b01) (build 1.7.0_67-b01)
# Java VM: Java HotSpot(TM) Client VM (24.65-b04 mixed mode, sharing windows-x86 )
# Problematic frame:
# C  [rxtxSerial.dll+0x9e69]
#
# Failed to write core dump. Minidumps are not enabled by default on client versions of Windows
#
# If you would like to submit a bug report, please visit:
#   http://bugreport.sun.com/bugreport/crash.jsp
# The crash happened outside the Java Virtual Machine in native code.
# See problematic frame for where to report the bug.
#

---------------  T H R E A D  ---------------

Current thread (0x03d6b800):  JavaThread "Thread-2" [_thread_in_native, id=792, stack(0x03c20000,0x03c70000)]

siginfo: ExceptionCode=0xc0000005, writing address 0x0401f210

Registers:
EAX=0x0401f208, EBX=0x00000000, ECX=0x0000001c, EDX=0x00000000
ESP=0x03c6f690, EBP=0x03c6f878, ESI=0x33e43438, EDI=0x03d6b800
EIP=0x10009e69, EFLAGS=0x00010206

Top of Stack: (sp=0x03c6f690)
0x03c6f690:   69ad7ad0 00b20000 03d7dfe0 03c6f7f8
0x03c6f6a0:   0000000b 00000000 00000000 000004dc
0x03c6f6b0:   03c6f79c 00000064 00b20000 0401f208
0x03c6f6c0:   00000002 00000000 00000001 00000001
0x03c6f6d0:   03d6b800 00b24b04 00b20000 00b22de8
0x03c6f6e0:   03d6b800 00b20000 00b22de8 00000000
0x03c6f6f0:   00b22ef8 03c6f788 000004dc 00b20000
0x03c6f700:   00b22de8 0000077f 03d79900 80000000 

Instructions: (pc=0x10009e69)
0x10009e49:   38 0b 74 27 83 c4 f4 68 e0 9b 00 10 e8 d2 27 00
0x10009e59:   00 83 c4 10 8b 85 44 fe ff ff 8b 95 4c fe ff ff
0x10009e69:   89 50 08 b8 ff ff ff ff eb 5d 90 8b 85 44 fe ff
0x10009e79:   ff 8b 95 4c fe ff ff 89 50 08 b8 ff ff ff ff eb 


Register to memory mapping:

EAX=0x0401f208 is an unknown value
EBX=0x00000000 is an unknown value
ECX=0x0000001c is an unknown value
EDX=0x00000000 is an unknown value
ESP=0x03c6f690 is pointing into the stack for thread: 0x03d6b800
EBP=0x03c6f878 is pointing into the stack for thread: 0x03d6b800
ESI=0x33e43438 is pointing into object: 0x33e43408
{constMethod} 
 - klass: {other class}
 - constants:       0x33e40970 constant pool [551] for 'gnu/io/RXTXPort' cache=0x33e4db90
EDI=0x03d6b800 is a thread


Stack: [0x03c20000,0x03c70000],  sp=0x03c6f690,  free space=317k
Native frames: (J=compiled Java code, j=interpreted, Vv=VM code, C=native code)
C  [rxtxSerial.dll+0x9e69]
C  [rxtxSerial.dll+0xa20b]
j  gnu.io.RXTXPort.readArray([BII)I+0
j  gnu.io.RXTXPort$SerialInputStream.read([BII)I+187
j  java.io.BufferedInputStream.fill()V+175
j  java.io.BufferedInputStream.read()I+12
j  com.sun.spot.peripheral.radio.HostSerialPipe.readByte()B+10
j  com.sun.spot.peripheral.radio.HostSerialPipe.receive([B)V+7
j  com.sun.spot.peripheral.radio.ProxyMACCommandExecutor.run()V+17
v  ~StubRoutines::call_stub
V  [jvm.dll+0x1410fa]
V  [jvm.dll+0x20567e]
V  [jvm.dll+0x1412c5]
V  [jvm.dll+0x141327]
V  [jvm.dll+0xec6ef]
V  [jvm.dll+0x16252c]
V  [jvm.dll+0x162f87]
V  [jvm.dll+0x1a7489]
C  [msvcr100.dll+0x5c556]
C  [msvcr100.dll+0x5c600]
C  [kernel32.dll+0x4ee1c]
C  [ntdll.dll+0x637eb]
C  [ntdll.dll+0x637be]

Java frames: (J=compiled Java code, j=interpreted, Vv=VM code)
j  gnu.io.RXTXPort.readArray([BII)I+0
j  gnu.io.RXTXPort$SerialInputStream.read([BII)I+187
j  java.io.BufferedInputStream.fill()V+175
j  java.io.BufferedInputStream.read()I+12
j  com.sun.spot.peripheral.radio.HostSerialPipe.readByte()B+10
j  com.sun.spot.peripheral.radio.HostSerialPipe.receive([B)V+7
j  com.sun.spot.peripheral.radio.ProxyMACCommandExecutor.run()V+17
v  ~StubRoutines::call_stub

---------------  P R O C E S S  ---------------

Java Threads: ( => current thread )
=>0x03d6b800 JavaThread "Thread-2" [_thread_in_native, id=792, stack(0x03c20000,0x03c70000)]
  0x00a06800 JavaThread "Service Thread" daemon [_thread_blocked, id=8788, stack(0x03c70000,0x03cc0000)]
  0x009dc000 JavaThread "C1 CompilerThread0" daemon [_thread_blocked, id=9508, stack(0x00c10000,0x00c60000)]
  0x009db000 JavaThread "Attach Listener" daemon [_thread_blocked, id=11196, stack(0x00e50000,0x00ea0000)]
  0x009f2000 JavaThread "Signal Dispatcher" daemon [_thread_blocked, id=4892, stack(0x00ee0000,0x00f30000)]
  0x00973000 JavaThread "Finalizer" daemon [_thread_blocked, id=13408, stack(0x00d00000,0x00d50000)]
  0x0096e000 JavaThread "Reference Handler" daemon [_thread_blocked, id=8196, stack(0x00df0000,0x00e40000)]
  0x00b2c000 JavaThread "main" [_thread_blocked, id=13732, stack(0x00b70000,0x00bc0000)]

Other Threads:
  0x0096c400 VMThread [stack: 0x00d60000,0x00db0000] [id=11568]
  0x00a24000 WatcherThread [stack: 0x00f60000,0x00fb0000] [id=10504]

VM state:not at safepoint (normal execution)

VM Mutex/Monitor currently owned by a thread: None

Heap
 def new generation   total 4928K, used 2305K [0x23e00000, 0x24350000, 0x29350000)
  eden space 4416K,  52% used [0x23e00000, 0x24040570, 0x24250000)
  from space 512K,   0% used [0x24250000, 0x24250000, 0x242d0000)
  to   space 512K,   0% used [0x242d0000, 0x242d0000, 0x24350000)
 tenured generation   total 10944K, used 0K [0x29350000, 0x29e00000, 0x33e00000)
   the space 10944K,   0% used [0x29350000, 0x29350000, 0x29350200, 0x29e00000)
 compacting perm gen  total 12288K, used 385K [0x33e00000, 0x34a00000, 0x37e00000)
   the space 12288K,   3% used [0x33e00000, 0x33e60730, 0x33e60800, 0x34a00000)
    ro space 10240K,  44% used [0x37e00000, 0x3827a688, 0x3827a800, 0x38800000)
    rw space 12288K,  52% used [0x38800000, 0x38e54170, 0x38e54200, 0x39400000)

Card table byte_map: [0x00a30000,0x00ae0000] byte_map_base: 0x00911000

Polling page: 0x00170000

Code Cache  [0x01c20000, 0x01cc8000, 0x03c20000)
 total_blobs=181 nmethods=49 adapters=70 free_code_cache=32112Kb largest_free_block=32882880

Compilation events (10 events):
Event: 0.982 Thread 0x009dc000   45  s          java.lang.StringBuffer::append (8 bytes)
Event: 0.982 Thread 0x009dc000 nmethod 45 0x01cc2c48 code [0x01cc2d50, 0x01cc2f2c]
Event: 0.988 Thread 0x009dc000   46  s          java.lang.StringBuffer::toString (17 bytes)
Event: 0.989 Thread 0x009dc000 nmethod 46 0x01cc2fc8 code [0x01cc30d0, 0x01cc32fc]
Event: 0.989 Thread 0x009dc000   47             java.lang.StringBuffer::<init> (7 bytes)
Event: 0.989 Thread 0x009dc000 nmethod 47 0x01cc33c8 code [0x01cc34c0, 0x01cc35d0]
Event: 0.989 Thread 0x009dc000   48             java.lang.AbstractStringBuilder::append (62 bytes)
Event: 0.990 Thread 0x009dc000 nmethod 48 0x01cc3648 code [0x01cc3780, 0x01cc3934]
Event: 0.990 Thread 0x009dc000   49  s          java.lang.StringBuffer::append (8 bytes)
Event: 0.991 Thread 0x009dc000 nmethod 49 0x01cc3bc8 code [0x01cc3cd0, 0x01cc3eac]

GC Heap History (0 events):
No events

Deoptimization events (0 events):
No events

Internal exceptions (10 events):
Event: 0.976 Thread 0x00b2c000 Threw 0x23fd3ec8 at C:\re\jdk7u67\1368\hotspot\src\share\vm\prims\jvm.cpp:1244
Event: 0.979 Thread 0x00b2c000 Threw 0x23fd6590 at C:\re\jdk7u67\1368\hotspot\src\share\vm\prims\jvm.cpp:1244
Event: 0.981 Thread 0x00b2c000 Threw 0x23fdb888 at C:\re\jdk7u67\1368\hotspot\src\share\vm\prims\jni.cpp:717
Event: 0.988 Thread 0x00b2c000 Threw 0x23ff2150 at C:\re\jdk7u67\1368\hotspot\src\share\vm\prims\jni.cpp:717
Event: 1.041 Thread 0x00b2c000 Threw 0x24003dd8 at C:\re\jdk7u67\1368\hotspot\src\share\vm\prims\jvm.cpp:1244
Event: 1.044 Thread 0x00b2c000 Threw 0x24009690 at C:\re\jdk7u67\1368\hotspot\src\share\vm\prims\jvm.cpp:1244
Event: 1.045 Thread 0x00b2c000 Threw 0x2400c850 at C:\re\jdk7u67\1368\hotspot\src\share\vm\prims\jvm.cpp:1244
Event: 1.047 Thread 0x00b2c000 Threw 0x24011d20 at C:\re\jdk7u67\1368\hotspot\src\share\vm\prims\jvm.cpp:1244
Event: 1.048 Thread 0x00b2c000 Threw 0x2402b248 at C:\re\jdk7u67\1368\hotspot\src\share\vm\prims\jvm.cpp:1244
Event: 1.049 Thread 0x00b2c000 Threw 0x2402d608 at C:\re\jdk7u67\1368\hotspot\src\share\vm\prims\jvm.cpp:1244

Events (10 events):
Event: 1.044 loading class 0x03d65160 done
Event: 1.045 loading class 0x03d65628
Event: 1.045 loading class 0x03d65628 done
Event: 1.047 loading class 0x03d63d70
Event: 1.047 loading class 0x03d63d70 done
Event: 1.048 loading class 0x03d655e0
Event: 1.048 loading class 0x03d655e0 done
Event: 1.049 loading class 0x03d654c0
Event: 1.049 loading class 0x03d654c0 done
Event: 1.554 Thread 0x03d74c00 Thread exited: 0x03d74c00


Dynamic libraries:
0x00ff0000 - 0x0101f000 	C:\Program Files\Java\jdk1.7.0_67\jre\bin\java.exe
0x77090000 - 0x771cc000 	C:\Windows\SYSTEM32\ntdll.dll
0x76de0000 - 0x76eb4000 	C:\Windows\system32\kernel32.dll
0x74d60000 - 0x74dab000 	C:\Windows\system32\KERNELBASE.dll
0x75490000 - 0x75530000 	C:\Windows\system32\ADVAPI32.dll
0x75800000 - 0x758ac000 	C:\Windows\system32\msvcrt.dll
0x77060000 - 0x77079000 	C:\Windows\SYSTEM32\sechost.dll
0x75530000 - 0x755d2000 	C:\Windows\system32\RPCRT4.dll
0x753c0000 - 0x75489000 	C:\Windows\system32\USER32.dll
0x75760000 - 0x757ae000 	C:\Windows\system32\GDI32.dll
0x75a90000 - 0x75a9a000 	C:\Windows\system32\LPK.dll
0x755e0000 - 0x7567d000 	C:\Windows\system32\USP10.dll
0x73760000 - 0x738fe000 	C:\Windows\WinSxS\x86_microsoft.windows.common-controls_6595b64144ccf1df_6.0.7601.17514_none_41e6975e2bd6f2b2\COMCTL32.dll
0x75680000 - 0x756d7000 	C:\Windows\system32\SHLWAPI.dll
0x74c10000 - 0x74c5c000 	C:\Windows\system32\apphelp.dll
0x66030000 - 0x660bd000 	C:\Windows\AppPatch\AcLayers.DLL
0x74bf0000 - 0x74c0b000 	C:\Windows\system32\SspiCli.dll
0x75e10000 - 0x76a5a000 	C:\Windows\system32\SHELL32.dll
0x75100000 - 0x7525c000 	C:\Windows\system32\ole32.dll
0x75be0000 - 0x75c6f000 	C:\Windows\system32\OLEAUT32.dll
0x750e0000 - 0x750f7000 	C:\Windows\system32\USERENV.dll
0x74d50000 - 0x74d5b000 	C:\Windows\system32\profapi.dll
0x73fc0000 - 0x74011000 	C:\Windows\system32\WINSPOOL.DRV
0x6f9a0000 - 0x6f9b2000 	C:\Windows\system32\MPR.dll
0x756e0000 - 0x756ff000 	C:\Windows\system32\IMM32.DLL
0x76ca0000 - 0x76d6c000 	C:\Windows\system32\MSCTF.dll
0x71280000 - 0x7133f000 	C:\Program Files\Java\jdk1.7.0_67\jre\bin\msvcr100.dll
0x69a10000 - 0x69d98000 	C:\Program Files\Java\jdk1.7.0_67\jre\bin\client\jvm.dll
0x703c0000 - 0x703c7000 	C:\Windows\system32\WSOCK32.dll
0x76d70000 - 0x76da5000 	C:\Windows\system32\WS2_32.dll
0x75c70000 - 0x75c76000 	C:\Windows\system32\NSI.dll
0x74e90000 - 0x74ec2000 	C:\Windows\system32\WINMM.dll
0x77080000 - 0x77085000 	C:\Windows\system32\PSAPI.DLL
0x71230000 - 0x7123c000 	C:\Program Files\Java\jdk1.7.0_67\jre\bin\verify.dll
0x71210000 - 0x71230000 	C:\Program Files\Java\jdk1.7.0_67\jre\bin\java.dll
0x711f0000 - 0x71203000 	C:\Program Files\Java\jdk1.7.0_67\jre\bin\zip.dll
0x10000000 - 0x10012000 	C:\Sun\SunSPOT\sdk\lib\rxtxSerial.dll
0x6c240000 - 0x6c267000 	C:\Windows\system32\crtdll.dll
0x708b0000 - 0x7099b000 	C:\Windows\system32\dbghelp.dll

VM Arguments:
jvm_args: -Djava.library.path=C:/Sun/SunSPOT/sdk/lib -Dspotselector.inhibit.full.basestation.check=false -Dspotclient.verbose=${spotclient.verbose} -Dspot.mesh.routing.enable=endnode 
java_command: com.sun.spot.spotselector.CommandLineSpotSelector COM5 (00144F010000465E) 1 NOT_SET C:\Sun\SunSPOT\sdk\temp\spotselector-1677116107
Launcher Type: SUN_STANDARD

Environment Variables:
JAVA_HOME=C:\Program Files\Java\jdk1.7.0_67
CLASSPATH=C:\Program Files\Java\jdk1.7.0_67\lib\tools.jar;C:\Program Files\Java\jdk1.7.0_67\lib\dt.jar;
PATH=D:\Users\Samuel\Downloads\Dev\db;D:\Users\Samuel\Downloads\Dev\tools\gradle-2.1\bin;D:\Users\Samuel\Downloads\Dev\java\ant\apache-ant-1.9.4\bin;C:\Program Files\Java\jdk1.7.0_67\bin;C:\Windows\system32;C:\Windows;C:\Windows\System32\Wbem;C:\Windows\System32\WindowsPowerShell\v1.0\
USERNAME=Samuel
OS=Windows_NT
PROCESSOR_IDENTIFIER=x86 Family 6 Model 58 Stepping 9, GenuineIntel



---------------  S Y S T E M  ---------------

OS: Windows 7 Build 7601 Service Pack 1

CPU:total 4 (2 cores per cpu, 2 threads per core) family 6 model 58 stepping 9, cmov, cx8, fxsr, mmx, sse, sse2, sse3, ssse3, sse4.1, sse4.2, popcnt, avx, aes, erms, ht, tsc, tscinvbit, tscinv

Memory: 4k page, physical 3565480k(1255904k free), swap 7129208k(3666980k free)

vm_info: Java HotSpot(TM) Client VM (24.65-b04) for windows-x86 JRE (1.7.0_67-b01), built on Jul 25 2014 10:20:53 by "java_re" with unknown MS VC++:1600

time: Tue Nov 25 17:23:58 2014
elapsed time: 1 seconds

